<?xml version="1.0" encoding="UTF-8"?>
<testng-results ignored="0" total="1" passed="1" failed="0" skipped="0">
  <reporter-output>
  </reporter-output>
  <suite started-at="2022-04-12T14:57:48 IST" name="Default suite" finished-at="2022-04-12T14:57:50 IST" duration-ms="1370">
    <groups>
    </groups>
    <test started-at="2022-04-12T14:57:48 IST" name="Default test" finished-at="2022-04-12T14:57:50 IST" duration-ms="1370">
      <class name="UsuageOfTestNg">
        <test-method signature="sumofcourses()[pri:0, instance:UsuageOfTestNg@702b8b12]" started-at="2022-04-12T14:57:48 IST" name="sumofcourses" finished-at="2022-04-12T14:57:50 IST" duration-ms="1327" status="PASS">
          <reporter-output>
          </reporter-output>
        </test-method> <!-- sumofcourses -->
      </class> <!-- UsuageOfTestNg -->
    </test> <!-- Default test -->
  </suite> <!-- Default suite -->
</testng-results>
